Removed Pin From Net: NetName=RED Pin=U1-3
Removed Pin From Net: NetName=BLUE Pin=U1-7
Removed Pin From Net: NetName=KEY5 Pin=U1-8
Removed Pin From Net: NetName=KEY4 Pin=U1-9
Removed Pin From Net: NetName=KEY3 Pin=U1-10
Removed Pin From Net: NetName=KEY2 Pin=U1-11
Removed Pin From Net: NetName=KEY1 Pin=U1-12
Removed Pin From Net: NetName=KEY0 Pin=U1-13
Removed Pin From Net: NetName=PB_VOL Pin=U1-14
Removed Pin From Net: NetName=ADC_A0 Pin=U1-15
Removed Pin From Net: NetName=ADC_A1 Pin=U1-18
Removed Pin From Net: NetName=I_ONA Pin=U1-19
Removed Pin From Net: NetName=DIGIA1 Pin=U1-20
Removed Pin From Net: NetName=LEGDETA Pin=U1-21
Removed Pin From Net: NetName=DIGIA0 Pin=U1-22
Removed Pin From Net: NetName=RXINA_EN Pin=U1-26
Removed Pin From Net: NetName=ADC_B1 Pin=U1-27
Removed Pin From Net: NetName=ADC_B0 Pin=U1-28
Removed Pin From Net: NetName=RXINB_EN Pin=U1-29
Added Pin To Net: NetName=BLUE Pin=U1-3
Added Pin To Net: NetName=KEY5 Pin=U1-7
Added Pin To Net: NetName=KEY4 Pin=U1-8
Added Pin To Net: NetName=KEY3 Pin=U1-9
Added Pin To Net: NetName=KEY2 Pin=U1-10
Added Pin To Net: NetName=KEY1 Pin=U1-11
Added Pin To Net: NetName=KEY0 Pin=U1-12
Added Pin To Net: NetName=PB_VOL Pin=U1-13
Added Pin To Net: NetName=ADC_A0 Pin=U1-14
Added Pin To Net: NetName=ADC_A1 Pin=U1-15
Added Pin To Net: NetName=I_ONA Pin=U1-18
Added Pin To Net: NetName=DIGIA1 Pin=U1-19
Added Pin To Net: NetName=LEGDETA Pin=U1-20
Added Pin To Net: NetName=DIGIA0 Pin=U1-21
Added Pin To Net: NetName=RXINA_EN Pin=U1-22
Added Pin To Net: NetName=ADC_B1 Pin=U1-26
Added Pin To Net: NetName=ADC_B0 Pin=U1-27
Added Pin To Net: NetName=RXINB_EN Pin=U1-28
Added Pin To Net: NetName=ADC_C1 Pin=U1-29
Added Pin To Net: NetName=RED Pin=U1-142
