Removed Pin From Net: NetName=I_ONB Pin=U1-1
Removed Pin From Net: NetName=ADC_B0 Pin=U1-2
Removed Pin From Net: NetName=ADC_B1 Pin=U1-3
Removed Pin From Net: NetName=RXINB Pin=U1-4
Removed Pin From Net: NetName=TXINB Pin=U1-5
Removed Pin From Net: NetName=RXINC_EN Pin=U1-10
Removed Pin From Net: NetName=LEGDETC Pin=U1-11
Removed Pin From Net: NetName=DIGID0 Pin=U1-12
Removed Pin From Net: NetName=DIGID1 Pin=U1-13
Removed Pin From Net: NetName=I_OND Pin=U1-14
Removed Pin From Net: NetName=ADC_D0 Pin=U1-15
Removed Pin From Net: NetName=ADC_D1 Pin=U1-18
Removed Pin From Net: NetName=RXIND Pin=U1-19
Removed Pin From Net: NetName=TXIND Pin=U1-20
Removed Pin From Net: NetName=RXIND_EN Pin=U1-21
Removed Pin From Net: NetName=LEGDETD Pin=U1-22
Removed Pin From Net: NetName=VS_MISO Pin=U1-26
Removed Pin From Net: NetName=VS_MOSI Pin=U1-27
Removed Pin From Net: NetName=VS_SCK Pin=U1-28
Removed Pin From Net: NetName=VS_CS Pin=U1-29
Removed Pin From Net: NetName=DIGIA0 Pin=U1-34
Removed Pin From Net: NetName=DIGIA1 Pin=U1-35
Removed Pin From Net: NetName=TXINA Pin=U1-36
Removed Pin From Net: NetName=RXINA Pin=U1-37
Removed Pin From Net: NetName=RXINA_EN Pin=U1-40
Removed Pin From Net: NetName=LEGDETA Pin=U1-41
Removed Pin From Net: NetName=I_ONA Pin=U1-42
Removed Pin From Net: NetName=ADC_A0 Pin=U1-43
Removed Pin From Net: NetName=VS_DREQ Pin=U1-44
Removed Pin From Net: NetName=VS_XDCS Pin=U1-45
Removed Pin From Net: NetName=MAPWM Pin=U1-49
Removed Pin From Net: NetName=ADCMA Pin=U1-50
Removed Pin From Net: NetName=MAIN0 Pin=U1-53
Removed Pin From Net: NetName=MAIN1 Pin=U1-54
Removed Pin From Net: NetName=DIRA Pin=U1-55
Removed Pin From Net: NetName=INTA0 Pin=U1-56
Removed Pin From Net: NetName=MBPWM Pin=U1-57
Removed Pin From Net: NetName=RXINB_EN Pin=U1-58
Removed Pin From Net: NetName=LEGDETB Pin=U1-59
Removed Pin From Net: NetName=DIGIC0 Pin=U1-60
Removed Pin From Net: NetName=DIGIC1 Pin=U1-63
Removed Pin From Net: NetName=I_ONC Pin=U1-64
Removed Pin From Net: NetName=ADC_C0 Pin=U1-65
Removed Pin From Net: NetName=ADC_C1 Pin=U1-66
Removed Pin From Net: NetName=RXINC Pin=U1-67
Removed Pin From Net: NetName=TXINC Pin=U1-68
Removed Pin From Net: NetName=SPI0_DI Pin=U1-69
Removed Pin From Net: NetName=SPI0_DO Pin=U1-70
Removed Pin From Net: NetName=SPI0_CLK Pin=U1-73
Removed Pin From Net: NetName=ADCMB Pin=U1-87
Removed Pin From Net: NetName=MBIN0 Pin=U1-88
Removed Pin From Net: NetName=MBIN1 Pin=U1-89
Removed Pin From Net: NetName=DIRB Pin=U1-90
Removed Pin From Net: NetName=INTB0 Pin=U1-91
Removed Pin From Net: NetName=MAPWM Pin=U1-92
Removed Pin From Net: NetName=ADCMC Pin=U1-93
Removed Pin From Net: NetName=VS_RST Pin=U1-96
Removed Pin From Net: NetName=ADC_A1 Pin=U1-100
Removed Pin From Net: NetName=MCIN0 Pin=U1-124
Removed Pin From Net: NetName=MCIN1 Pin=U1-125
Removed Pin From Net: NetName=DIRC Pin=U1-126
Removed Pin From Net: NetName=INTC0 Pin=U1-127
Removed Pin From Net: NetName=PB_CON Pin=U1-128
Removed Pin From Net: NetName=PB_DET Pin=U1-129
Removed Pin From Net: NetName=PB_VOL Pin=U1-132
Removed Pin From Net: NetName=MDPWM Pin=U1-133
Removed Pin From Net: NetName=ADCMD Pin=U1-134
Removed Pin From Net: NetName=MDIN0 Pin=U1-135
Removed Pin From Net: NetName=MDIN1 Pin=U1-136
Removed Pin From Net: NetName=DIRD Pin=U1-137
Removed Pin From Net: NetName=INTD0 Pin=U1-139
Removed Pin From Net: NetName=SPI0_CS Pin=U1-140
Removed Pin From Net: NetName=DIGIB0 Pin=U1-141
Removed Pin From Net: NetName=DIGIB1 Pin=U1-142
Added Pin To Net: NetName=PB_CON Pin=U1-1
Added Pin To Net: NetName=PB_DET Pin=U1-2
Added Pin To Net: NetName=KEY5 Pin=U1-3
Added Pin To Net: NetName=KEY4 Pin=U1-4
Added Pin To Net: NetName=KEY3 Pin=U1-5
Added Pin To Net: NetName=KEY2 Pin=U1-10
Added Pin To Net: NetName=KEY1 Pin=U1-11
Added Pin To Net: NetName=KEY0 Pin=U1-12
Added Pin To Net: NetName=RED Pin=U1-13
Added Pin To Net: NetName=BLUE Pin=U1-14
Added Pin To Net: NetName=PB_VOL Pin=U1-15
Added Pin To Net: NetName=I_ONA Pin=U1-22
Added Pin To Net: NetName=RXINA_EN Pin=U1-26
Added Pin To Net: NetName=ADC_A0 Pin=U1-27
Added Pin To Net: NetName=ADC_A1 Pin=U1-28
Added Pin To Net: NetName=LEGDETA Pin=U1-29
Added Pin To Net: NetName=TXINA Pin=U1-34
Added Pin To Net: NetName=RXINA Pin=U1-35
Added Pin To Net: NetName=TXINB Pin=U1-36
Added Pin To Net: NetName=RXINB Pin=U1-37
Added Pin To Net: NetName=ADC_B1 Pin=U1-40
Added Pin To Net: NetName=ADC_B0 Pin=U1-41
Added Pin To Net: NetName=DIGIA0 Pin=U1-42
Added Pin To Net: NetName=DIGIA1 Pin=U1-43
Added Pin To Net: NetName=ADC_C0 Pin=U1-44
Added Pin To Net: NetName=ADC_C1 Pin=U1-45
Added Pin To Net: NetName=ADC_D0 Pin=U1-46
Added Pin To Net: NetName=ADC_D1 Pin=U1-47
Added Pin To Net: NetName=DIGIB1 Pin=U1-49
Added Pin To Net: NetName=LEGDETB Pin=U1-50
Added Pin To Net: NetName=I_ONB Pin=U1-53
Added Pin To Net: NetName=RXINB_EN Pin=U1-54
Added Pin To Net: NetName=DIGIB0 Pin=U1-55
Added Pin To Net: NetName=DIGIC0 Pin=U1-56
Added Pin To Net: NetName=DIGIC1 Pin=U1-57
Added Pin To Net: NetName=I_ONC Pin=U1-58
Added Pin To Net: NetName=RXINC_EN Pin=U1-59
Added Pin To Net: NetName=LEGDETC Pin=U1-60
Added Pin To Net: NetName=LEGDETD Pin=U1-64
Added Pin To Net: NetName=RXIND_EN Pin=U1-65
Added Pin To Net: NetName=DIGID0 Pin=U1-66
Added Pin To Net: NetName=DIGID1 Pin=U1-67
Added Pin To Net: NetName=I_OND Pin=U1-68
Added Pin To Net: NetName=TXIND Pin=U1-69
Added Pin To Net: NetName=RXIND Pin=U1-70
Added Pin To Net: NetName=SPI0_CS Pin=U1-110
Added Pin To Net: NetName=SPI0_CLK Pin=U1-133
Added Pin To Net: NetName=SPI0_DI Pin=U1-134
Added Pin To Net: NetName=SPI0_DO Pin=U1-135
Added Pin To Net: NetName=V33 Pin=U4-14
Added Pin To Net: NetName=VCC Pin=U5-14
