Removed Pin From Net: NetName=I_ONA Pin=U1-22
Removed Pin From Net: NetName=ADC_A0 Pin=U1-27
Removed Pin From Net: NetName=ADC_A1 Pin=U1-28
Removed Pin From Net: NetName=LEGDETA Pin=U1-29
Removed Pin From Net: NetName=ADC_B1 Pin=U1-40
Removed Pin From Net: NetName=ADC_B0 Pin=U1-41
Removed Pin From Net: NetName=DIGIA0 Pin=U1-42
Removed Pin From Net: NetName=DIGIA1 Pin=U1-43
Removed Pin From Net: NetName=DIGIB1 Pin=U1-49
Removed Pin From Net: NetName=LEGDETB Pin=U1-50
Removed Pin From Net: NetName=I_ONB Pin=U1-53
Removed Pin From Net: NetName=RXINB_EN Pin=U1-54
Removed Pin From Net: NetName=DIGIB0 Pin=U1-55
Added Pin To Net: NetName=ADC_A0 Pin=U1-15
Added Pin To Net: NetName=ADC_A1 Pin=U1-18
Added Pin To Net: NetName=I_ONA Pin=U1-19
Added Pin To Net: NetName=DIGIA1 Pin=U1-20
Added Pin To Net: NetName=LEGDETA Pin=U1-21
Added Pin To Net: NetName=DIGIA0 Pin=U1-22
Added Pin To Net: NetName=ADC_B0 Pin=U1-27
Added Pin To Net: NetName=ADC_B1 Pin=U1-28
Added Pin To Net: NetName=VCC Pin=U4-14
Added Pin To Net: NetName=V33 Pin=U5-14
