Added Pin To Net: NetName=1OUTA1 Pin=J9-1
Added Pin To Net: NetName=1OUTA2 Pin=J9-2
Added Pin To Net: NetName=GND Pin=J9-3
Added Pin To Net: NetName=VCCEXT Pin=J9-4
Added Pin To Net: NetName=TACHOA0 Pin=J9-5
Added Pin To Net: NetName=TACHOA1 Pin=J9-6
Added Pin To Net: NetName=1OUTB1 Pin=J9-7
Added Pin To Net: NetName=1OUTB2 Pin=J9-8
Added Pin To Net: NetName=GND Pin=J9-9
Added Pin To Net: NetName=VCCEXT Pin=J9-10
Added Pin To Net: NetName=TACHOB0 Pin=J9-11
Added Pin To Net: NetName=TACHOB1 Pin=J9-12
Added Pin To Net: NetName=1OUTC1 Pin=J9-13
Added Pin To Net: NetName=1OUTC2 Pin=J9-14
Added Pin To Net: NetName=GND Pin=J9-15
Added Pin To Net: NetName=VCCEXT Pin=J9-16
Added Pin To Net: NetName=TACHOC0 Pin=J9-17
Added Pin To Net: NetName=TACHOC1 Pin=J9-18
Added Pin To Net: NetName=1OUTD1 Pin=J9-19
Added Pin To Net: NetName=1OUTD2 Pin=J9-20
Added Pin To Net: NetName=GND Pin=J9-21
Added Pin To Net: NetName=VCCEXT Pin=J9-22
Added Pin To Net: NetName=TACHOD0 Pin=J9-23
Added Pin To Net: NetName=TACHOD1 Pin=J9-24
Added Pin To Net: NetName=V33 Pin=U4-14
Added Pin To Net: NetName=V33 Pin=U5-14
