Change Component Designator: Old Designator=C? New Designator=C55
Change Component Designator: Old Designator=C? New Designator=C56
Change Component Designator: Old Designator=C? New Designator=C57
Change Component Designator: Old Designator=C? New Designator=C58
Change Component Designator: Old Designator=C? New Designator=C59
Change Component Designator: Old Designator=C? New Designator=C60
Change Component Designator: Old Designator=C? New Designator=C61
Change Component Designator: Old Designator=C? New Designator=C62
Change Component Designator: Old Designator=C? New Designator=C63
Change Component Designator: Old Designator=C? New Designator=C64
Change Component Designator: Old Designator=C? New Designator=C65
Change Component Designator: Old Designator=C? New Designator=C66
Change Component Designator: Old Designator=C? New Designator=C67
Change Component Designator: Old Designator=C? New Designator=C68
Change Component Designator: Old Designator=C? New Designator=C69
Change Component Designator: Old Designator=D? New Designator=D5
Change Component Designator: Old Designator=D? New Designator=D6
Change Component Designator: Old Designator=D? New Designator=D7
Change Component Designator: Old Designator=D? New Designator=D8
Change Component Designator: Old Designator=D? New Designator=D9
Change Component Designator: Old Designator=D? New Designator=D10
Change Component Designator: Old Designator=D? New Designator=D11
Change Component Designator: Old Designator=E? New Designator=E3
Change Component Designator: Old Designator=E? New Designator=E4
Change Component Designator: Old Designator=E? New Designator=E5
Change Component Designator: Old Designator=E? New Designator=E6
Change Component Designator: Old Designator=E? New Designator=E7
Change Component Designator: Old Designator=F? New Designator=F4
Change Component Designator: Old Designator=J? New Designator=J10
Change Component Designator: Old Designator=J? New Designator=J11
Change Component Designator: Old Designator=J? New Designator=J12
Change Component Designator: Old Designator=L? New Designator=L2
Change Component Designator: Old Designator=L? New Designator=L3
Change Component Designator: Old Designator=Q? New Designator=Q11
Change Component Designator: Old Designator=Q? New Designator=Q12
Change Component Designator: Old Designator=R? New Designator=R133
Change Component Designator: Old Designator=R? New Designator=R134
Change Component Designator: Old Designator=R? New Designator=R135
Change Component Designator: Old Designator=R? New Designator=R136
Change Component Designator: Old Designator=R? New Designator=R137
Change Component Designator: Old Designator=R? New Designator=R138
Change Component Designator: Old Designator=R? New Designator=R139
Change Component Designator: Old Designator=R? New Designator=R140
Change Component Designator: Old Designator=R? New Designator=R141
Change Component Designator: Old Designator=R? New Designator=R142
Change Component Designator: Old Designator=R? New Designator=R143
Change Component Designator: Old Designator=R? New Designator=R144
Change Component Designator: Old Designator=R? New Designator=R145
Change Component Designator: Old Designator=R? New Designator=R146
Change Component Designator: Old Designator=R? New Designator=R147
Change Component Designator: Old Designator=R? New Designator=R148
Change Component Designator: Old Designator=R? New Designator=R149
Change Component Designator: Old Designator=R? New Designator=R150
Change Component Designator: Old Designator=R? New Designator=R151
Change Component Designator: Old Designator=R? New Designator=R152
Change Component Designator: Old Designator=R? New Designator=R153
Change Component Designator: Old Designator=R? New Designator=R154
Change Component Designator: Old Designator=R? New Designator=R155
Change Component Designator: Old Designator=R? New Designator=R156
Change Component Designator: Old Designator=R? New Designator=R157
Change Component Designator: Old Designator=R? New Designator=R158
Change Component Designator: Old Designator=R? New Designator=R159
Change Component Designator: Old Designator=R? New Designator=R160
Change Component Designator: Old Designator=R? New Designator=R161
Change Component Designator: Old Designator=R? New Designator=R162
Change Component Designator: Old Designator=R? New Designator=R163
Change Component Designator: Old Designator=U? New Designator=U8
Change Component Designator: Old Designator=U? New Designator=U9
Change Component Designator: Old Designator=U? New Designator=U10
Change Component Designator: Old Designator=U? New Designator=U11
Change Component Designator: Old Designator=U? New Designator=U12
