Removed Pin From Net: NetName=KEY5 Pin=U1-3
Removed Pin From Net: NetName=KEY4 Pin=U1-4
Removed Pin From Net: NetName=KEY3 Pin=U1-5
Removed Pin From Net: NetName=KEY2 Pin=U1-10
Removed Pin From Net: NetName=KEY1 Pin=U1-11
Removed Pin From Net: NetName=KEY0 Pin=U1-12
Removed Pin From Net: NetName=RED Pin=U1-13
Removed Pin From Net: NetName=BLUE Pin=U1-14
Removed Pin From Net: NetName=PB_VOL Pin=U1-15
Added Pin To Net: NetName=RED Pin=U1-5
Added Pin To Net: NetName=BLUE Pin=U1-7
Added Pin To Net: NetName=KEY5 Pin=U1-8
Added Pin To Net: NetName=KEY4 Pin=U1-9
Added Pin To Net: NetName=KEY3 Pin=U1-10
Added Pin To Net: NetName=KEY2 Pin=U1-11
Added Pin To Net: NetName=KEY1 Pin=U1-12
Added Pin To Net: NetName=KEY0 Pin=U1-13
Added Pin To Net: NetName=PB_VOL Pin=U1-14
Added Pin To Net: NetName=V33 Pin=U4-14
Added Pin To Net: NetName=VCC Pin=U5-14
