Added Component: Designator=C83(CAP_0603)
Added Component: Designator=C84(CAP_0603)
Added Component: Designator=C85(CAP_0603)
Added Component: Designator=D12(LED-0603)
Added Component: Designator=D13(LED-0603)
Added Component: Designator=R169(RES_0603)
Added Component: Designator=R170(RES_0603)
Added Pin To Net: NetName=V33 Pin=C83-1
Added Pin To Net: NetName=GND Pin=C83-2
Added Pin To Net: NetName=V33 Pin=C84-1
Added Pin To Net: NetName=GND Pin=C84-2
Added Pin To Net: NetName=V33 Pin=C85-1
Added Pin To Net: NetName=GND Pin=C85-2
Added Pin To Net: NetName=V33 Pin=R169-2
Added Pin To Net: NetName=V33 Pin=R170-2
Added Pin To Net: NetName=LED1 Pin=D13-2
Added Pin To Net: NetName=LED1 Pin=U1-89
Added Net: Name=LED1
Added Pin To Net: NetName=LED2 Pin=D12-2
Added Pin To Net: NetName=LED2 Pin=U1-90
Added Net: Name=LED2
Added Pin To Net: NetName=NetD12_1 Pin=D12-1
Added Pin To Net: NetName=NetD12_1 Pin=R170-1
Added Net: Name=NetD12_1
Added Pin To Net: NetName=NetD13_1 Pin=D13-1
Added Pin To Net: NetName=NetD13_1 Pin=R169-1
Added Net: Name=NetD13_1
Added Member To Class: ClassName=EST_MainV20 Member=Component C83 104
Added Member To Class: ClassName=EST_MainV20 Member=Component C84 104
Added Member To Class: ClassName=EST_MainV20 Member=Component C85 104
Added Member To Class: ClassName=EST_MainV20 Member=Component D12 LED
Added Member To Class: ClassName=EST_MainV20 Member=Component D13 LED
Added Member To Class: ClassName=EST_MainV20 Member=Component R169 10K
Added Member To Class: ClassName=EST_MainV20 Member=Component R170 10K
