Removed Pin From Net: NetName=KEY0 Pin=J2-1
Removed Pin From Net: NetName=KEY1 Pin=J2-2
Removed Pin From Net: NetName=VCC Pin=J2-3
Removed Pin From Net: NetName=KEY2 Pin=J2-4
Removed Pin From Net: NetName=KEY3 Pin=J2-5
Removed Pin From Net: NetName=KEY4 Pin=J2-6
Removed Pin From Net: NetName=KEY5 Pin=J2-7
Removed Pin From Net: NetName=GND Pin=J2-8
Removed Pin From Net: NetName=BLUE Pin=J2-9
Removed Pin From Net: NetName=RED Pin=J2-10
Removed Pin From Net: NetName=GND Pin=J2-11
Removed Pin From Net: NetName=VCC Pin=J2-12
Added Pin To Net: NetName=VCC Pin=J2-1
Added Pin To Net: NetName=GND Pin=J2-2
Added Pin To Net: NetName=RED Pin=J2-3
Added Pin To Net: NetName=BLUE Pin=J2-4
Added Pin To Net: NetName=GND Pin=J2-5
Added Pin To Net: NetName=KEY5 Pin=J2-6
Added Pin To Net: NetName=KEY4 Pin=J2-7
Added Pin To Net: NetName=KEY3 Pin=J2-8
Added Pin To Net: NetName=KEY2 Pin=J2-9
Added Pin To Net: NetName=VCC Pin=J2-10
Added Pin To Net: NetName=KEY1 Pin=J2-11
Added Pin To Net: NetName=KEY0 Pin=J2-12
