Removed Pin From Net: NetName=RED Pin=U1-5
Removed Pin From Net: NetName=ADC_C1 Pin=U1-40
Removed Pin From Net: NetName=I_OND Pin=U1-66
Added Pin To Net: NetName=MAPWM Pin=R123-2
Added Pin To Net: NetName=MAPWM Pin=R124-2
Added Pin To Net: NetName=RED Pin=U1-3
Added Pin To Net: NetName=MAIN0 Pin=U1-4
Added Pin To Net: NetName=MAIN1 Pin=U1-5
Added Pin To Net: NetName=VS_CS Pin=U1-40
Added Pin To Net: NetName=ADCMA Pin=U1-44
Added Pin To Net: NetName=ADCMB Pin=U1-45
Added Pin To Net: NetName=ADCMC Pin=U1-46
Added Pin To Net: NetName=ADCMD Pin=U1-47
Added Pin To Net: NetName=MCIN0 Pin=U1-66
Added Pin To Net: NetName=MCIN1 Pin=U1-67
Added Pin To Net: NetName=I_OND Pin=U1-68
Added Pin To Net: NetName=MAPWM Pin=U1-81
Added Pin To Net: NetName=MBPWM Pin=U1-82
Added Pin To Net: NetName=MBIN0 Pin=U1-96
Added Pin To Net: NetName=MBIN1 Pin=U1-97
Added Pin To Net: NetName=MDIN0 Pin=U1-98
Added Pin To Net: NetName=MDIN1 Pin=U1-99
Added Pin To Net: NetName=VS_SCK Pin=U1-111
Added Pin To Net: NetName=VS_MISO Pin=U1-112
Added Pin To Net: NetName=VS_MOSI Pin=U1-113
Added Pin To Net: NetName=TXINC Pin=U1-136
Added Pin To Net: NetName=RXINC Pin=U1-137
Added Pin To Net: NetName=MAPWM Pin=U1-139
Added Pin To Net: NetName=MDPWM Pin=U1-140
